<?xml version="1.0" encoding="UTF-8"?>
<!-- Generated by org.testng.reporters.JUnitXMLReporter -->
<testsuite ignored="0" hostname="DESKTOP-GPC7LG8" failures="0" tests="6" name="Default test" time="22.429" errors="0" timestamp="2023-08-12T17:08:53 IST">
  <testcase classname="flight.tests.BookFlightTest" name="registration_page" time="15.741"/>
  <testcase classname="flight.tests.BookFlightTest" name="registration_confirmation_page" time="0.111"/>
  <testcase classname="flight.tests.BookFlightTest" name="flight_details_page" time="2.032"/>
  <testcase classname="flight.tests.BookFlightTest" name="flight_reservation" time="0.197"/>
  <testcase classname="flight.tests.BookFlightTest" name="billing_address" time="0.486"/>
  <testcase classname="flight.tests.BookFlightTest" name="payment_details_page" time="0.176"/>
</testsuite> <!-- Default test -->
