<?xml version="1.0" encoding="UTF-8"?>
<!-- Generated by org.testng.reporters.JUnitXMLReporter -->
<testsuite ignored="0" hostname="DESKTOP-GPC7LG8" failures="0" tests="6" name="Test" time="27.756" errors="0" timestamp="2023-08-15T19:35:32 IST">
  <testcase classname="flight.tests.BookFlightTest" name="registration_page" time="15.484"/>
  <testcase classname="flight.tests.BookFlightTest" name="registration_confirmation_page" time="0.18"/>
  <testcase classname="flight.tests.BookFlightTest" name="flight_details_page" time="5.426"/>
  <testcase classname="flight.tests.BookFlightTest" name="flight_reservation" time="0.451"/>
  <testcase classname="flight.tests.BookFlightTest" name="billing_address" time="0.649"/>
  <testcase classname="flight.tests.BookFlightTest" name="payment_details_page" time="0.243"/>
</testsuite> <!-- Test -->
