<?xml version="1.0" encoding="UTF-8"?>
<testng-results ignored="0" total="12" passed="12" failed="0" skipped="0">
  <reporter-output>
  </reporter-output>
  <suite started-at="2023-08-27T09:42:21 GMT" name="Suite" finished-at="2023-08-27T09:43:55 GMT" duration-ms="93919">
    <groups>
    </groups>
    <test started-at="2023-08-27T09:42:21 GMT" name="Test-1" finished-at="2023-08-27T09:43:05 GMT" duration-ms="43610">
      <class name="flight.tests.BookFlightTest">
        <test-method is-config="true" signature="setUp(org.testng.ITestContext)[pri:0, instance:flight.tests.BookFlightTest@f0f2775]" started-at="2023-08-27T09:42:21 GMT" name="setUp" finished-at="2023-08-27T09:42:35 GMT" duration-ms="14315" status="PASS">
          <params>
            <param index="0">
              <value>
                <![CDATA[org.testng.TestRunner@5bfa9431]]>
              </value>
            </param>
          </params>
          <reporter-output>
          </reporter-output>
        </test-method> <!-- setUp -->
        <test-method signature="registration_page()[pri:0, instance:flight.tests.BookFlightTest@f0f2775]" started-at="2023-08-27T09:42:35 GMT" name="registration_page" finished-at="2023-08-27T09:42:59 GMT" duration-ms="24108" status="PASS">
          <reporter-output>
          </reporter-output>
        </test-method> <!-- registration_page -->
        <test-method signature="registration_confirmation_page()[pri:0, instance:flight.tests.BookFlightTest@f0f2775]" started-at="2023-08-27T09:42:59 GMT" name="registration_confirmation_page" finished-at="2023-08-27T09:43:00 GMT" depends-on-methods="flight.tests.BookFlightTest.registration_page" duration-ms="189" status="PASS">
          <reporter-output>
          </reporter-output>
        </test-method> <!-- registration_confirmation_page -->
        <test-method signature="flight_details_page(java.lang.String)[pri:0, instance:flight.tests.BookFlightTest@f0f2775]" started-at="2023-08-27T09:43:00 GMT" name="flight_details_page" finished-at="2023-08-27T09:43:03 GMT" depends-on-methods="flight.tests.BookFlightTest.registration_confirmation_page" duration-ms="3388" status="PASS">
          <params>
            <param index="0">
              <value>
                <![CDATA[1]]>
              </value>
            </param>
          </params>
          <reporter-output>
          </reporter-output>
        </test-method> <!-- flight_details_page -->
        <test-method signature="flight_reservation()[pri:0, instance:flight.tests.BookFlightTest@f0f2775]" started-at="2023-08-27T09:43:03 GMT" name="flight_reservation" finished-at="2023-08-27T09:43:03 GMT" depends-on-methods="flight.tests.BookFlightTest.flight_details_page" duration-ms="326" status="PASS">
          <reporter-output>
          </reporter-output>
        </test-method> <!-- flight_reservation -->
        <test-method signature="billing_address()[pri:0, instance:flight.tests.BookFlightTest@f0f2775]" started-at="2023-08-27T09:43:03 GMT" name="billing_address" finished-at="2023-08-27T09:43:04 GMT" depends-on-methods="flight.tests.BookFlightTest.flight_reservation" duration-ms="734" status="PASS">
          <reporter-output>
          </reporter-output>
        </test-method> <!-- billing_address -->
        <test-method signature="payment_details_page(java.lang.String)[pri:0, instance:flight.tests.BookFlightTest@f0f2775]" started-at="2023-08-27T09:43:04 GMT" name="payment_details_page" finished-at="2023-08-27T09:43:04 GMT" depends-on-methods="flight.tests.BookFlightTest.billing_address" duration-ms="333" status="PASS">
          <params>
            <param index="0">
              <value>
                <![CDATA[Total Bill: $584 USD]]>
              </value>
            </param>
          </params>
          <reporter-output>
          </reporter-output>
        </test-method> <!-- payment_details_page -->
        <test-method is-config="true" signature="tearDown()[pri:0, instance:flight.tests.BookFlightTest@f0f2775]" started-at="2023-08-27T09:43:04 GMT" name="tearDown" finished-at="2023-08-27T09:43:05 GMT" duration-ms="170" status="PASS">
          <reporter-output>
          </reporter-output>
        </test-method> <!-- tearDown -->
      </class> <!-- flight.tests.BookFlightTest -->
    </test> <!-- Test-1 -->
    <test started-at="2023-08-27T09:42:21 GMT" name="Test -2" finished-at="2023-08-27T09:43:55 GMT" duration-ms="93919">
      <class name="flight.tests.BookFlightTest">
        <test-method is-config="true" signature="setUp(org.testng.ITestContext)[pri:0, instance:flight.tests.BookFlightTest@52e677af]" started-at="2023-08-27T09:42:21 GMT" name="setUp" finished-at="2023-08-27T09:42:43 GMT" duration-ms="22446" status="PASS">
          <params>
            <param index="0">
              <value>
                <![CDATA[org.testng.TestRunner@2fd6b6c7]]>
              </value>
            </param>
          </params>
          <reporter-output>
          </reporter-output>
        </test-method> <!-- setUp -->
        <test-method signature="registration_page()[pri:0, instance:flight.tests.BookFlightTest@52e677af]" started-at="2023-08-27T09:42:43 GMT" name="registration_page" finished-at="2023-08-27T09:43:50 GMT" duration-ms="66675" status="PASS">
          <reporter-output>
          </reporter-output>
        </test-method> <!-- registration_page -->
        <test-method signature="registration_confirmation_page()[pri:0, instance:flight.tests.BookFlightTest@52e677af]" started-at="2023-08-27T09:43:50 GMT" name="registration_confirmation_page" finished-at="2023-08-27T09:43:50 GMT" depends-on-methods="flight.tests.BookFlightTest.registration_page" duration-ms="137" status="PASS">
          <reporter-output>
          </reporter-output>
        </test-method> <!-- registration_confirmation_page -->
        <test-method signature="flight_details_page(java.lang.String)[pri:0, instance:flight.tests.BookFlightTest@52e677af]" started-at="2023-08-27T09:43:50 GMT" name="flight_details_page" finished-at="2023-08-27T09:43:53 GMT" depends-on-methods="flight.tests.BookFlightTest.registration_confirmation_page" duration-ms="3265" status="PASS">
          <params>
            <param index="0">
              <value>
                <![CDATA[2]]>
              </value>
            </param>
          </params>
          <reporter-output>
          </reporter-output>
        </test-method> <!-- flight_details_page -->
        <test-method signature="flight_reservation()[pri:0, instance:flight.tests.BookFlightTest@52e677af]" started-at="2023-08-27T09:43:53 GMT" name="flight_reservation" finished-at="2023-08-27T09:43:54 GMT" depends-on-methods="flight.tests.BookFlightTest.flight_details_page" duration-ms="305" status="PASS">
          <reporter-output>
          </reporter-output>
        </test-method> <!-- flight_reservation -->
        <test-method signature="billing_address()[pri:0, instance:flight.tests.BookFlightTest@52e677af]" started-at="2023-08-27T09:43:54 GMT" name="billing_address" finished-at="2023-08-27T09:43:54 GMT" depends-on-methods="flight.tests.BookFlightTest.flight_reservation" duration-ms="686" status="PASS">
          <reporter-output>
          </reporter-output>
        </test-method> <!-- billing_address -->
        <test-method signature="payment_details_page(java.lang.String)[pri:0, instance:flight.tests.BookFlightTest@52e677af]" started-at="2023-08-27T09:43:54 GMT" name="payment_details_page" finished-at="2023-08-27T09:43:55 GMT" depends-on-methods="flight.tests.BookFlightTest.billing_address" duration-ms="297" status="PASS">
          <params>
            <param index="0">
              <value>
                <![CDATA[Total Bill: $1169 USD]]>
              </value>
            </param>
          </params>
          <reporter-output>
          </reporter-output>
        </test-method> <!-- payment_details_page -->
        <test-method is-config="true" signature="tearDown()[pri:0, instance:flight.tests.BookFlightTest@52e677af]" started-at="2023-08-27T09:43:55 GMT" name="tearDown" finished-at="2023-08-27T09:43:55 GMT" duration-ms="93" status="PASS">
          <reporter-output>
          </reporter-output>
        </test-method> <!-- tearDown -->
      </class> <!-- flight.tests.BookFlightTest -->
    </test> <!-- Test -2 -->
  </suite> <!-- Suite -->
</testng-results>
